<?xml version="1.0" encoding="UTF-8"?>
<!-- Generated by org.testng.reporters.JUnitReportReporter -->
<testsuite skipped="0" hostname="LAPTOP-QIGAF55V" name="testScript.Annot" tests="2" failures="0" timestamp="7 Feb 2020 05:49:19 GMT" time="0.012" errors="0">
  <testcase name="testCase4" time="0.001" classname="testScript.Annot"/>
  <testcase name="testCase1" time="0.011" classname="testScript.Annot"/>
</testsuite> <!-- testScript.Annot -->
