<?xml version="1.0" encoding="UTF-8"?>
<!-- Generated by org.testng.reporters.JUnitReportReporter -->
<testsuite skipped="0" hostname="LAPTOP-QIGAF55V" name="testScript.LoginTest" tests="1" failures="0" timestamp="6 Feb 2020 06:56:18 GMT" time="0.392" errors="0">
  <testcase name="VerifyUserName" time="0.392" classname="testScript.LoginTest"/>
</testsuite> <!-- testScript.LoginTest -->
